[1110/122235.960:ERROR:process_reader_win.cc(242)] ReadMemory at 0x28008d30000 of 64 bytes failed: Only part of a ReadProcessMemory or WriteProcessMemory request was completed. (0x12B)
[1110/122236.436:WARNING:pe_image_reader.cc(302)] could not read dos header from C:\WINDOWS\System32\shlwapi.dll
[1110/122236.436:ERROR:process_reader_win.cc(242)] ReadMemory at 0x7fffe3b70000 of 64 bytes failed: Only part of a ReadProcessMemory or WriteProcessMemory request was completed. (0x12B)
[1110/122236.436:WARNING:pe_image_reader.cc(302)] could not read dos header from C:\WINDOWS\System32\GDI32.dll
[1110/122236.436:ERROR:process_reader_win.cc(242)] ReadMemory at 0x7fffe0f20000 of 64 bytes failed: Only part of a ReadProcessMemory or WriteProcessMemory request was completed. (0x12B)
[1110/122236.436:WARNING:pe_image_reader.cc(302)] could not read dos header from C:\WINDOWS\System32\gdi32full.dll
[1110/122236.436:ERROR:process_reader_win.cc(242)] ReadMemory at 0x7fffe10c0000 of 64 bytes failed: Only part of a ReadProcessMemory or WriteProcessMemory request was completed. (0x12B)
[1110/122236.436:WARNING:pe_image_reader.cc(302)] could not read dos header from C:\WINDOWS\System32\msvcp_win.dll
[1110/122236.436:ERROR:process_reader_win.cc(242)] ReadMemory at 0x7fffe1e40000 of 64 bytes failed: Only part of a ReadProcessMemory or WriteProcessMemory request was completed. (0x12B)
[1110/122236.436:WARNING:pe_image_reader.cc(302)] could not read dos header from C:\WINDOWS\System32\USER32.dll
[1110/122236.436:ERROR:process_reader_win.cc(242)] ReadMemory at 0x7fffe15d0000 of 64 bytes failed: Only part of a ReadProcessMemory or WriteProcessMemory request was completed. (0x12B)
[1110/122236.436:WARNING:pe_image_reader.cc(302)] could not read dos header from C:\WINDOWS\System32\win32u.dll
[1110/122236.436:ERROR:process_reader_win.cc(242)] ReadMemory at 0x7fffe0790000 of 64 bytes failed: Only part of a ReadProcessMemory or WriteProcessMemory request was completed. (0x12B)
[1110/122236.436:WARNING:pe_image_reader.cc(302)] could not read dos header from C:\WINDOWS\System32\kernel.appcore.dll
[1110/122236.436:ERROR:process_reader_win.cc(242)] ReadMemory at 0x7fffe0770000 of 64 bytes failed: Only part of a ReadProcessMemory or WriteProcessMemory request was completed. (0x12B)
[1110/122236.436:WARNING:pe_image_reader.cc(302)] could not read dos header from C:\WINDOWS\System32\profapi.dll
[1110/122236.436:ERROR:process_reader_win.cc(242)] ReadMemory at 0x7fffe0700000 of 64 bytes failed: Only part of a ReadProcessMemory or WriteProcessMemory request was completed. (0x12B)
[1110/122236.436:WARNING:pe_image_reader.cc(302)] could not read dos header from C:\WINDOWS\System32\powrprof.dll
[1110/122236.436:ERROR:process_reader_win.cc(242)] ReadMemory at 0x7fffe06f0000 of 64 bytes failed: Only part of a ReadProcessMemory or WriteProcessMemory request was completed. (0x12B)
[1110/122236.436:WARNING:pe_image_reader.cc(302)] could not read dos header from C:\WINDOWS\System32\FLTLIB.DLL
[1110/122236.436:ERROR:process_reader_win.cc(242)] ReadMemory at 0x7fffe3b60000 of 64 bytes failed: Only part of a ReadProcessMemory or WriteProcessMemory request was completed. (0x12B)
[1110/122236.436:WARNING:pe_image_reader.cc(302)] could not read dos header from C:\WINDOWS\System32\PSAPI.DLL
[1110/122236.436:ERROR:process_reader_win.cc(242)] ReadMemory at 0x7fffb9700000 of 64 bytes failed: Only part of a ReadProcessMemory or WriteProcessMemory request was completed. (0x12B)
[1110/122236.436:WARNING:pe_image_reader.cc(302)] could not read dos header from C:\Program Files (x86)\Google\Chrome\Application\70.0.3538.77\chrome_elf.dll
[1110/122236.440:ERROR:process_reader_win.cc(242)] ReadMemory at 0x7fffda6d0000 of 64 bytes failed: Only part of a ReadProcessMemory or WriteProcessMemory request was completed. (0x12B)
[1110/122236.440:WARNING:pe_image_reader.cc(302)] could not read dos header from C:\WINDOWS\SYSTEM32\VERSION.dll
[1110/122236.440:ERROR:process_reader_win.cc(242)] ReadMemory at 0x7fffde260000 of 64 bytes failed: Only part of a ReadProcessMemory or WriteProcessMemory request was completed. (0x12B)
[1110/122236.440:WARNING:pe_image_reader.cc(302)] could not read dos header from C:\WINDOWS\SYSTEM32\WINMM.dll
[1110/122236.440:ERROR:process_reader_win.cc(242)] ReadMemory at 0x7fffe05f0000 of 64 bytes failed: Only part of a ReadProcessMemory or WriteProcessMemory request was completed. (0x12B)
[1110/122236.440:WARNING:pe_image_reader.cc(302)] could not read dos header from C:\WINDOWS\SYSTEM32\USERENV.dll
[1110/122236.440:ERROR:process_reader_win.cc(242)] ReadMemory at 0x7fffde230000 of 64 bytes failed: Only part of a ReadProcessMemory or WriteProcessMemory request was completed. (0x12B)
[1110/122236.440:WARNING:pe_image_reader.cc(302)] could not read dos header from C:\WINDOWS\SYSTEM32\WINMMBASE.dll
[1110/122236.440:ERROR:process_reader_win.cc(242)] ReadMemory at 0x7fffe00a0000 of 64 bytes failed: Only part of a ReadProcessMemory or WriteProcessMemory request was completed. (0x12B)
[1110/122236.440:WARNING:pe_image_reader.cc(302)] could not read dos header from C:\WINDOWS\SYSTEM32\CRYPTBASE.DLL
[1110/122236.440:ERROR:process_reader_win.cc(242)] ReadMemory at 0x7fffe35f0000 of 64 bytes failed: Only part of a ReadProcessMemory or WriteProcessMemory request was completed. (0x12B)
[1110/122236.440:WARNING:pe_image_reader.cc(302)] could not read dos header from C:\WINDOWS\System32\IMM32.DLL
[1110/122236.440:ERROR:process_reader_win.cc(242)] ReadMemory at 0x280092a0000 of 64 bytes failed: Only part of a ReadProcessMemory or WriteProcessMemory request was completed. (0x12B)
[1110/122236.440:WARNING:pe_image_reader.cc(302)] could not read dos header from C:\Program Files (x86)\Google\Chrome\Application\70.0.3538.77\chrome_child.dll
[1110/122236.440:ERROR:process_reader_win.cc(242)] ReadMemory at 0x7fffe37c0000 of 64 bytes failed: Only part of a ReadProcessMemory or WriteProcessMemory request was completed. (0x12B)
[1110/122236.440:WARNING:pe_image_reader.cc(302)] could not read dos header from C:\WINDOWS\System32\WS2_32.dll
[1110/122236.440:ERROR:process_reader_win.cc(242)] ReadMemory at 0x7fffe19a0000 of 64 bytes failed: Only part of a ReadProcessMemory or WriteProcessMemory request was completed. (0x12B)
[1110/122236.440:WARNING:pe_image_reader.cc(302)] could not read dos header from C:\WINDOWS\System32\ole32.dll
[1110/122236.440:ERROR:process_reader_win.cc(242)] ReadMemory at 0x7fffe4100000 of 64 bytes failed: Only part of a ReadProcessMemory or WriteProcessMemory request was completed. (0x12B)
[1110/122236.440:WARNING:pe_image_reader.cc(302)] could not read dos header from C:\WINDOWS\System32\OLEAUT32.dll
[1110/122236.440:ERROR:process_reader_win.cc(242)] ReadMemory at 0x7fffe07b0000 of 64 bytes failed: Only part of a ReadProcessMemory or WriteProcessMemory request was completed. (0x12B)
[1110/122236.440:WARNING:pe_image_reader.cc(302)] could not read dos header from C:\WINDOWS\System32\WINTRUST.dll
[1110/122236.440:ERROR:process_reader_win.cc(242)] ReadMemory at 0x7fffe0750000 of 64 bytes failed: Only part of a ReadProcessMemory or WriteProcessMemory request was completed. (0x12B)
[1110/122236.440:WARNING:pe_image_reader.cc(302)] could not read dos header from C:\WINDOWS\System32\MSASN1.dll
[1110/122236.440:ERROR:process_reader_win.cc(242)] ReadMemory at 0x7fffe1260000 of 64 bytes failed: Only part of a ReadProcessMemory or WriteProcessMemory request was completed. (0x12B)
[1110/122236.440:WARNING:pe_image_reader.cc(302)] could not read dos header from C:\WINDOWS\System32\CRYPT32.dll
[1110/122236.440:ERROR:process_reader_win.cc(242)] ReadMemory at 0x7fffe36d0000 of 64 bytes failed: Only part of a ReadProcessMemory or WriteProcessMemory request was completed. (0x12B)
[1110/122236.440:WARNING:pe_image_reader.cc(302)] could not read dos header from C:\WINDOWS\System32\COMDLG32.dll
[1110/122236.440:ERROR:process_reader_win.cc(242)] ReadMemory at 0x7fffdfc50000 of 64 bytes failed: Only part of a ReadProcessMemory or WriteProcessMemory request was completed. (0x12B)
[1110/122236.440:WARNING:pe_image_reader.cc(302)] could not read dos header from C:\WINDOWS\SYSTEM32\IPHLPAPI.DLL
[1110/122236.440:ERROR:process_reader_win.cc(242)] ReadMemory at 0x7fffdcac0000 of 64 bytes failed: Only part of a ReadProcessMemory or WriteProcessMemory request was completed. (0x12B)
[1110/122236.440:WARNING:pe_image_reader.cc(302)] could not read dos header from C:\WINDOWS\SYSTEM32\msdmo.dll
[1110/122236.440:ERROR:process_reader_win.cc(242)] ReadMemory at 0x7fffd7120000 of 64 bytes failed: Only part of a ReadProcessMemory or WriteProcessMemory request was completed. (0x12B)
[1110/122236.440:WARNING:pe_image_reader.cc(302)] could not read dos header from C:\WINDOWS\WinSxS\amd64_microsoft.windows.common-controls_6595b64144ccf1df_6.0.17134.345_none_fb429a5930656358\COMCTL32.dll
[1110/122236.440:ERROR:process_reader_win.cc(242)] ReadMemory at 0x7fffd3470000 of 64 bytes failed: Only part of a ReadProcessMemory or WriteProcessMemory request was completed. (0x12B)
[1110/122236.440:WARNING:pe_image_reader.cc(302)] could not read dos header from C:\WINDOWS\SYSTEM32\DWrite.dll
[1110/122236.440:ERROR:process_reader_win.cc(242)] ReadMemory at 0x7fffd79a0000 of 64 bytes failed: Only part of a ReadProcessMemory or WriteProcessMemory request was completed. (0x12B)
[1110/122236.440:WARNING:pe_image_reader.cc(302)] could not read dos header from C:\WINDOWS\SYSTEM32\WINSPOOL.DRV
[1110/122236.440:ERROR:process_reader_win.cc(242)] ReadMemory at 0x7fffcf760000 of 64 bytes failed: Only part of a ReadProcessMemory or WriteProcessMemory request was completed. (0x12B)
[1110/122236.440:WARNING:pe_image_reader.cc(302)] could not read dos header from C:\WINDOWS\SYSTEM32\dbghelp.dll
[1110/122236.440:ERROR:process_reader_win.cc(242)] ReadMemory at 0x7fffaf340000 of 64 bytes failed: Only part of a ReadProcessMemory or WriteProcessMemory request was completed. (0x12B)
[1110/122236.440:WARNING:pe_image_reader.cc(302)] could not read dos header from C:\WINDOWS\SYSTEM32\USP10.dll
[1110/122236.440:ERROR:process_reader_win.cc(242)] ReadMemory at 0x7fffdf470000 of 64 bytes failed: Only part of a ReadProcessMemory or WriteProcessMemory request was completed. (0x12B)
[1110/122236.440:WARNING:pe_image_reader.cc(302)] could not read dos header from C:\WINDOWS\SYSTEM32\dxgi.dll
[1110/122236.440:ERROR:process_reader_win.cc(242)] ReadMemory at 0x7fffd7d50000 of 64 bytes failed: Only part of a ReadProcessMemory or WriteProcessMemory request was completed. (0x12B)
[1110/122236.440:WARNING:pe_image_reader.cc(302)] could not read dos header from C:\WINDOWS\SYSTEM32\urlmon.dll
[1110/122236.440:ERROR:process_reader_win.cc(242)] ReadMemory at 0x7fffcbb00000 of 64 bytes failed: Only part of a ReadProcessMemory or WriteProcessMemory request was completed. (0x12B)
[1110/122236.440:WARNING:pe_image_reader.cc(302)] could not read dos header from C:\WINDOWS\SYSTEM32\Secur32.dll
[1110/122236.440:ERROR:process_reader_win.cc(242)] ReadMemory at 0x7fffdbb50000 of 64 bytes failed: Only part of a ReadProcessMemory or WriteProcessMemory request was completed. (0x12B)
[1110/122236.440:WARNING:pe_image_reader.cc(302)] could not read dos header from C:\WINDOWS\SYSTEM32\WINHTTP.dll
[1110/122236.440:ERROR:process_reader_win.cc(242)] ReadMemory at 0x7fffd8630000 of 64 bytes failed: Only part of a ReadProcessMemory or WriteProcessMemory request was completed. (0x12B)
[1110/122236.440:WARNING:pe_image_reader.cc(302)] could not read dos header from C:\WINDOWS\SYSTEM32\dhcpcsvc.DLL
[1110/122236.444:ERROR:process_reader_win.cc(242)] ReadMemory at 0x7fffe3620000 of 64 bytes failed: Only part of a ReadProcessMemory or WriteProcessMemory request was completed. (0x12B)
[1110/122236.444:WARNING:pe_image_reader.cc(302)] could not read dos header from C:\WINDOWS\System32\NSI.dll
[1110/122236.444:ERROR:process_reader_win.cc(242)] ReadMemory at 0x7fffdcd80000 of 64 bytes failed: Only part of a ReadProcessMemory or WriteProcessMemory request was completed. (0x12B)
[1110/122236.444:WARNING:pe_image_reader.cc(302)] could not read dos header from C:\WINDOWS\SYSTEM32\PROPSYS.dll
[1110/122236.444:ERROR:process_reader_win.cc(242)] ReadMemory at 0x7fffe01b0000 of 64 bytes failed: Only part of a ReadProcessMemory or WriteProcessMemory request was completed. (0x12B)
[1110/122236.444:WARNING:pe_image_reader.cc(302)] could not read dos header from C:\WINDOWS\SYSTEM32\bcrypt.dll
[1110/122236.444:ERROR:process_reader_win.cc(242)] ReadMemory at 0x7fffd7a30000 of 64 bytes failed: Only part of a ReadProcessMemory or WriteProcessMemory request was completed. (0x12B)
[1110/122236.444:WARNING:pe_image_reader.cc(302)] could not read dos header from C:\WINDOWS\SYSTEM32\iertutil.dll
[1110/122236.444:ERROR:process_reader_win.cc(242)] ReadMemory at 0x7fffe0620000 of 64 bytes failed: Only part of a ReadProcessMemory or WriteProcessMemory request was completed. (0x12B)
[1110/122236.444:WARNING:pe_image_reader.cc(302)] could not read dos header from C:\WINDOWS\SYSTEM32\SSPICLI.DLL
[1110/122237.304:ERROR:process_reader_win.cc(242)] ReadMemory at 0xf2685ed000 of 77824 bytes failed: Only part of a ReadProcessMemory or WriteProcessMemory request was completed. (0x12B)
[1110/122237.320:ERROR:process_reader_win.cc(242)] ReadMemory at 0xf2687fe000 of 8192 bytes failed: Only part of a ReadProcessMemory or WriteProcessMemory request was completed. (0x12B)
[1110/122237.324:ERROR:process_reader_win.cc(242)] ReadMemory at 0xf2689fe000 of 8192 bytes failed: Only part of a ReadProcessMemory or WriteProcessMemory request was completed. (0x12B)
[1110/122237.324:ERROR:process_reader_win.cc(242)] ReadMemory at 0xf268dfe000 of 8192 bytes failed: Only part of a ReadProcessMemory or WriteProcessMemory request was completed. (0x12B)
[1110/122237.324:ERROR:process_reader_win.cc(242)] ReadMemory at 0xf268ffe000 of 8192 bytes failed: Only part of a ReadProcessMemory or WriteProcessMemory request was completed. (0x12B)
[1110/122237.324:ERROR:process_reader_win.cc(242)] ReadMemory at 0xf2691fe000 of 8192 bytes failed: Only part of a ReadProcessMemory or WriteProcessMemory request was completed. (0x12B)
[1110/122237.324:ERROR:process_reader_win.cc(242)] ReadMemory at 0xf2693fc000 of 16384 bytes failed: Only part of a ReadProcessMemory or WriteProcessMemory request was completed. (0x12B)
[1110/122237.324:ERROR:process_reader_win.cc(242)] ReadMemory at 0xf2695fe000 of 8192 bytes failed: Only part of a ReadProcessMemory or WriteProcessMemory request was completed. (0x12B)
[1110/122237.324:ERROR:process_reader_win.cc(242)] ReadMemory at 0xf2697fe000 of 8192 bytes failed: Only part of a ReadProcessMemory or WriteProcessMemory request was completed. (0x12B)
[1110/122237.324:ERROR:process_reader_win.cc(242)] ReadMemory at 0xf2699fc000 of 16384 bytes failed: Only part of a ReadProcessMemory or WriteProcessMemory request was completed. (0x12B)
[1110/122237.324:ERROR:process_reader_win.cc(242)] ReadMemory at 0xf269bfc000 of 16384 bytes failed: Only part of a ReadProcessMemory or WriteProcessMemory request was completed. (0x12B)
[1110/122237.324:ERROR:process_reader_win.cc(242)] ReadMemory at 0xf269dfc000 of 16384 bytes failed: Only part of a ReadProcessMemory or WriteProcessMemory request was completed. (0x12B)
[1110/122237.324:ERROR:process_reader_win.cc(242)] ReadMemory at 0xf269ffe000 of 8192 bytes failed: Only part of a ReadProcessMemory or WriteProcessMemory request was completed. (0x12B)
[1110/122237.324:ERROR:process_reader_win.cc(242)] ReadMemory at 0xf26a3f2000 of 57344 bytes failed: Only part of a ReadProcessMemory or WriteProcessMemory request was completed. (0x12B)
[1110/122237.324:ERROR:process_reader_win.cc(242)] ReadMemory at 0xf268bfd000 of 12288 bytes failed: Only part of a ReadProcessMemory or WriteProcessMemory request was completed. (0x12B)
[1110/122237.324:ERROR:process_reader_win.cc(242)] ReadMemory at 0xf26a1fd000 of 12288 bytes failed: Only part of a ReadProcessMemory or WriteProcessMemory request was completed. (0x12B)
[1110/122237.324:ERROR:process_reader_win.cc(242)] ReadMemory at 0xf26a5fd000 of 12288 bytes failed: Only part of a ReadProcessMemory or WriteProcessMemory request was completed. (0x12B)
[1110/122237.324:ERROR:process_reader_win.cc(242)] ReadMemory at 0xf26a7ff000 of 4096 bytes failed: Only part of a ReadProcessMemory or WriteProcessMemory request was completed. (0x12B)
[1110/122237.324:ERROR:process_reader_win.cc(242)] ReadMemory at 0xf2682f9000 of 852 bytes failed: Only part of a ReadProcessMemory or WriteProcessMemory request was completed. (0x12B)
[1110/122237.324:ERROR:process_reader_win.cc(242)] ReadMemory at 0xf2682fa000 of 6024 bytes failed: Only part of a ReadProcessMemory or WriteProcessMemory request was completed. (0x12B)
[1110/122237.324:ERROR:process_reader_win.cc(242)] ReadMemory at 0xf2682fc000 of 6024 bytes failed: Only part of a ReadProcessMemory or WriteProcessMemory request was completed. (0x12B)
[1110/122237.324:ERROR:process_reader_win.cc(242)] ReadMemory at 0xf2682fe000 of 6024 bytes failed: Only part of a ReadProcessMemory or WriteProcessMemory request was completed. (0x12B)
[1110/122237.324:ERROR:process_reader_win.cc(242)] ReadMemory at 0xf268302000 of 6024 bytes failed: Only part of a ReadProcessMemory or WriteProcessMemory request was completed. (0x12B)
[1110/122237.324:ERROR:process_reader_win.cc(242)] ReadMemory at 0xf268304000 of 6024 bytes failed: Only part of a ReadProcessMemory or WriteProcessMemory request was completed. (0x12B)
[1110/122237.324:ERROR:process_reader_win.cc(242)] ReadMemory at 0xf268306000 of 6024 bytes failed: Only part of a ReadProcessMemory or WriteProcessMemory request was completed. (0x12B)
[1110/122237.324:ERROR:process_reader_win.cc(242)] ReadMemory at 0xf268308000 of 6024 bytes failed: Only part of a ReadProcessMemory or WriteProcessMemory request was completed. (0x12B)
[1110/122237.324:ERROR:process_reader_win.cc(242)] ReadMemory at 0xf26830a000 of 6024 bytes failed: Only part of a ReadProcessMemory or WriteProcessMemory request was completed. (0x12B)
[1110/122237.324:ERROR:process_reader_win.cc(242)] ReadMemory at 0xf26830c000 of 6024 bytes failed: Only part of a ReadProcessMemory or WriteProcessMemory request was completed. (0x12B)
[1110/122237.324:ERROR:process_reader_win.cc(242)] ReadMemory at 0xf26830e000 of 6024 bytes failed: Only part of a ReadProcessMemory or WriteProcessMemory request was completed. (0x12B)
[1110/122237.324:ERROR:process_reader_win.cc(242)] ReadMemory at 0xf268310000 of 6024 bytes failed: Only part of a ReadProcessMemory or WriteProcessMemory request was completed. (0x12B)
[1110/122237.324:ERROR:process_reader_win.cc(242)] ReadMemory at 0xf268312000 of 6024 bytes failed: Only part of a ReadProcessMemory or WriteProcessMemory request was completed. (0x12B)
[1110/122237.324:ERROR:process_reader_win.cc(242)] ReadMemory at 0xf268314000 of 6024 bytes failed: Only part of a ReadProcessMemory or WriteProcessMemory request was completed. (0x12B)
[1110/122237.324:ERROR:process_reader_win.cc(242)] ReadMemory at 0xf268318000 of 6024 bytes failed: Only part of a ReadProcessMemory or WriteProcessMemory request was completed. (0x12B)
[1110/122237.324:ERROR:process_reader_win.cc(242)] ReadMemory at 0xf26831c000 of 6024 bytes failed: Only part of a ReadProcessMemory or WriteProcessMemory request was completed. (0x12B)
[1110/122237.324:ERROR:process_reader_win.cc(242)] ReadMemory at 0xf268320000 of 6024 bytes failed: Only part of a ReadProcessMemory or WriteProcessMemory request was completed. (0x12B)
[1110/122237.328:ERROR:process_reader_win.cc(242)] ReadMemory at 0xf268322000 of 6024 bytes failed: Only part of a ReadProcessMemory or WriteProcessMemory request was completed. (0x12B)
[1110/122237.328:ERROR:process_reader_win.cc(242)] ReadMemory at 0xf268324000 of 6024 bytes failed: Only part of a ReadProcessMemory or WriteProcessMemory request was completed. (0x12B)
[1110/122237.328:ERROR:process_reader_win.cc(242)] ReadMemory at 0x16cc503aa68 of 512 bytes failed: Only part of a ReadProcessMemory or WriteProcessMemory request was completed. (0x12B)
[1110/122237.328:ERROR:process_reader_win.cc(242)] ReadMemory at 0x16cc507ff80 of 128 bytes failed: Only part of a ReadProcessMemory or WriteProcessMemory request was completed. (0x12B)
[1110/122237.328:ERROR:process_reader_win.cc(242)] ReadMemory at 0x28008dd0ab0 of 512 bytes failed: Only part of a ReadProcessMemory or WriteProcessMemory request was completed. (0x12B)
[1110/122237.328:ERROR:process_reader_win.cc(242)] ReadMemory at 0x28008dd0fc0 of 15364 bytes failed: Only part of a ReadProcessMemory or WriteProcessMemory request was completed. (0x12B)
[1110/122237.328:ERROR:process_reader_win.cc(242)] ReadMemory at 0x28008dd4bd0 of 1012 bytes failed: Only part of a ReadProcessMemory or WriteProcessMemory request was completed. (0x12B)
[1110/122237.328:ERROR:process_reader_win.cc(242)] ReadMemory at 0x28008dd51e8 of 118 bytes failed: Only part of a ReadProcessMemory or WriteProcessMemory request was completed. (0x12B)
[1110/122237.328:ERROR:process_reader_win.cc(242)] ReadMemory at 0x28008dd5260 of 1042 bytes failed: Only part of a ReadProcessMemory or WriteProcessMemory request was completed. (0x12B)
[1110/122237.328:ERROR:process_reader_win.cc(242)] ReadMemory at 0x28008dd5674 of 118 bytes failed: Only part of a ReadProcessMemory or WriteProcessMemory request was completed. (0x12B)
[1110/122237.328:ERROR:process_reader_win.cc(242)] ReadMemory at 0x28008dd56ec of 96 bytes failed: Only part of a ReadProcessMemory or WriteProcessMemory request was completed. (0x12B)
[1110/122237.328:ERROR:process_reader_win.cc(242)] ReadMemory at 0x28008dd5760 of 58 bytes failed: Only part of a ReadProcessMemory or WriteProcessMemory request was completed. (0x12B)
[1110/122237.328:ERROR:process_reader_win.cc(242)] ReadMemory at 0x28008dd5860 of 132 bytes failed: Only part of a ReadProcessMemory or WriteProcessMemory request was completed. (0x12B)
[1110/122237.328:ERROR:process_reader_win.cc(242)] ReadMemory at 0x28008dd59f0 of 132 bytes failed: Only part of a ReadProcessMemory or WriteProcessMemory request was completed. (0x12B)
[1110/122237.328:ERROR:process_reader_win.cc(242)] ReadMemory at 0x28008dd5bb0 of 124 bytes failed: Only part of a ReadProcessMemory or WriteProcessMemory request was completed. (0x12B)
[1110/122237.328:ERROR:process_reader_win.cc(242)] ReadMemory at 0x28008dd6780 of 132 bytes failed: Only part of a ReadProcessMemory or WriteProcessMemory request was completed. (0x12B)
[1110/122237.328:ERROR:process_reader_win.cc(242)] ReadMemory at 0x28008dd6910 of 64 bytes failed: Only part of a ReadProcessMemory or WriteProcessMemory request was completed. (0x12B)
[1110/122237.328:ERROR:process_reader_win.cc(242)] ReadMemory at 0x28008dd6960 of 132 bytes failed: Only part of a ReadProcessMemory or WriteProcessMemory request was completed. (0x12B)
[1110/122237.328:ERROR:process_reader_win.cc(242)] ReadMemory at 0x28008dd6cd0 of 62 bytes failed: Only part of a ReadProcessMemory or WriteProcessMemory request was completed. (0x12B)
[1110/122237.328:ERROR:process_reader_win.cc(242)] ReadMemory at 0x28008dd6d60 of 132 bytes failed: Only part of a ReadProcessMemory or WriteProcessMemory request was completed. (0x12B)
[1110/122237.328:ERROR:process_reader_win.cc(242)] ReadMemory at 0x28008dd6ef0 of 68 bytes failed: Only part of a ReadProcessMemory or WriteProcessMemory request was completed. (0x12B)
[1110/122237.328:ERROR:process_reader_win.cc(242)] ReadMemory at 0x28008de3a80 of 66 bytes failed: Only part of a ReadProcessMemory or WriteProcessMemory request was completed. (0x12B)
[1110/122237.328:ERROR:process_reader_win.cc(242)] ReadMemory at 0x28008de3ad0 of 62 bytes failed: Only part of a ReadProcessMemory or WriteProcessMemory request was completed. (0x12B)
[1110/122237.328:ERROR:process_reader_win.cc(242)] ReadMemory at 0x28008de3b20 of 64 bytes failed: Only part of a ReadProcessMemory or WriteProcessMemory request was completed. (0x12B)
[1110/122237.328:ERROR:process_reader_win.cc(242)] ReadMemory at 0x28008de3b70 of 64 bytes failed: Only part of a ReadProcessMemory or WriteProcessMemory request was completed. (0x12B)
[1110/122237.328:ERROR:process_reader_win.cc(242)] ReadMemory at 0x28008de3bc0 of 60 bytes failed: Only part of a ReadProcessMemory or WriteProcessMemory request was completed. (0x12B)
[1110/122237.328:ERROR:process_reader_win.cc(242)] ReadMemory at 0x28008de3c10 of 58 bytes failed: Only part of a ReadProcessMemory or WriteProcessMemory request was completed. (0x12B)
[1110/122237.328:ERROR:process_reader_win.cc(242)] ReadMemory at 0x28008de3c60 of 62 bytes failed: Only part of a ReadProcessMemory or WriteProcessMemory request was completed. (0x12B)
[1110/122237.328:ERROR:process_reader_win.cc(242)] ReadMemory at 0x28008de3d00 of 66 bytes failed: Only part of a ReadProcessMemory or WriteProcessMemory request was completed. (0x12B)
[1110/122237.328:ERROR:process_reader_win.cc(242)] ReadMemory at 0x28008de3d50 of 62 bytes failed: Only part of a ReadProcessMemory or WriteProcessMemory request was completed. (0x12B)
[1110/122237.328:ERROR:process_reader_win.cc(242)] ReadMemory at 0x28008de3da0 of 58 bytes failed: Only part of a ReadProcessMemory or WriteProcessMemory request was completed. (0x12B)
[1110/122237.328:ERROR:process_reader_win.cc(242)] ReadMemory at 0x28008de3ee0 of 60 bytes failed: Only part of a ReadProcessMemory or WriteProcessMemory request was completed. (0x12B)
[1110/122237.328:ERROR:process_reader_win.cc(242)] ReadMemory at 0x28008de3f30 of 64 bytes failed: Only part of a ReadProcessMemory or WriteProcessMemory request was completed. (0x12B)
[1110/122237.328:ERROR:process_reader_win.cc(242)] ReadMemory at 0x28008de3f80 of 60 bytes failed: Only part of a ReadProcessMemory or WriteProcessMemory request was completed. (0x12B)
[1110/122237.328:ERROR:process_reader_win.cc(242)] ReadMemory at 0x28008de3fd0 of 62 bytes failed: Only part of a ReadProcessMemory or WriteProcessMemory request was completed. (0x12B)
[1110/122237.328:ERROR:process_reader_win.cc(242)] ReadMemory at 0x28008de4070 of 60 bytes failed: Only part of a ReadProcessMemory or WriteProcessMemory request was completed. (0x12B)
[1110/122237.328:ERROR:process_reader_win.cc(242)] ReadMemory at 0x28008de40c0 of 64 bytes failed: Only part of a ReadProcessMemory or WriteProcessMemory request was completed. (0x12B)
[1110/122237.328:ERROR:process_reader_win.cc(242)] ReadMemory at 0x28008de4110 of 62 bytes failed: Only part of a ReadProcessMemory or WriteProcessMemory request was completed. (0x12B)
[1110/122237.328:ERROR:process_reader_win.cc(242)] ReadMemory at 0x28008de4160 of 60 bytes failed: Only part of a ReadProcessMemory or WriteProcessMemory request was completed. (0x12B)
[1110/122237.328:ERROR:process_reader_win.cc(242)] ReadMemory at 0x28008de41b0 of 60 bytes failed: Only part of a ReadProcessMemory or WriteProcessMemory request was completed. (0x12B)
[1110/122237.328:ERROR:process_reader_win.cc(242)] ReadMemory at 0x28008de4900 of 132 bytes failed: Only part of a ReadProcessMemory or WriteProcessMemory request was completed. (0x12B)
[1110/122237.328:ERROR:process_reader_win.cc(242)] ReadMemory at 0x28008de4b10 of 132 bytes failed: Only part of a ReadProcessMemory or WriteProcessMemory request was completed. (0x12B)
[1110/122237.328:ERROR:process_reader_win.cc(242)] ReadMemory at 0x28008de6430 of 132 bytes failed: Only part of a ReadProcessMemory or WriteProcessMemory request was completed. (0x12B)
[1110/122237.328:ERROR:process_reader_win.cc(242)] ReadMemory at 0x28008de6730 of 132 bytes failed: Only part of a ReadProcessMemory or WriteProcessMemory request was completed. (0x12B)
[1110/122237.328:ERROR:process_reader_win.cc(242)] ReadMemory at 0x28008de6ac0 of 132 bytes failed: Only part of a ReadProcessMemory or WriteProcessMemory request was completed. (0x12B)
[1110/122237.328:ERROR:process_reader_win.cc(242)] ReadMemory at 0x28008de6f40 of 80 bytes failed: Only part of a ReadProcessMemory or WriteProcessMemory request was completed. (0x12B)
[1110/122237.328:ERROR:process_reader_win.cc(242)] ReadMemory at 0x28008de7060 of 78 bytes failed: Only part of a ReadProcessMemory or WriteProcessMemory request was completed. (0x12B)
[1110/122237.328:ERROR:process_reader_win.cc(242)] ReadMemory at 0x28008de7300 of 76 bytes failed: Only part of a ReadProcessMemory or WriteProcessMemory request was completed. (0x12B)
[1110/122237.328:ERROR:process_reader_win.cc(242)] ReadMemory at 0x28008de75e0 of 132 bytes failed: Only part of a ReadProcessMemory or WriteProcessMemory request was completed. (0x12B)
[1110/122237.328:ERROR:process_reader_win.cc(242)] ReadMemory at 0x28008de7980 of 132 bytes failed: Only part of a ReadProcessMemory or WriteProcessMemory request was completed. (0x12B)
[1110/122237.328:ERROR:process_reader_win.cc(242)] ReadMemory at 0x28008de7c70 of 132 bytes failed: Only part of a ReadProcessMemory or WriteProcessMemory request was completed. (0x12B)
[1110/122237.332:ERROR:process_reader_win.cc(242)] ReadMemory at 0x28008de8030 of 132 bytes failed: Only part of a ReadProcessMemory or WriteProcessMemory request was completed. (0x12B)
[1110/122237.332:ERROR:process_reader_win.cc(242)] ReadMemory at 0x28008de82f0 of 132 bytes failed: Only part of a ReadProcessMemory or WriteProcessMemory request was completed. (0x12B)
[1110/122237.332:ERROR:process_reader_win.cc(242)] ReadMemory at 0x28008de8510 of 246 bytes failed: Only part of a ReadProcessMemory or WriteProcessMemory request was completed. (0x12B)
[1110/122237.332:ERROR:process_reader_win.cc(242)] ReadMemory at 0x28008de9720 of 132 bytes failed: Only part of a ReadProcessMemory or WriteProcessMemory request was completed. (0x12B)
[1110/122237.332:ERROR:process_reader_win.cc(242)] ReadMemory at 0x28008de9850 of 132 bytes failed: Only part of a ReadProcessMemory or WriteProcessMemory request was completed. (0x12B)
[1110/122237.332:ERROR:process_reader_win.cc(242)] ReadMemory at 0x28008de9980 of 132 bytes failed: Only part of a ReadProcessMemory or WriteProcessMemory request was completed. (0x12B)
[1110/122237.332:ERROR:process_reader_win.cc(242)] ReadMemory at 0x28008de9ab0 of 132 bytes failed: Only part of a ReadProcessMemory or WriteProcessMemory request was completed. (0x12B)
[1110/122237.332:ERROR:process_reader_win.cc(242)] ReadMemory at 0x28008de9be0 of 132 bytes failed: Only part of a ReadProcessMemory or WriteProcessMemory request was completed. (0x12B)
[1110/122237.332:ERROR:process_reader_win.cc(242)] ReadMemory at 0x28008de9d10 of 132 bytes failed: Only part of a ReadProcessMemory or WriteProcessMemory request was completed. (0x12B)
[1110/122237.332:ERROR:process_reader_win.cc(242)] ReadMemory at 0x28008de9e40 of 132 bytes failed: Only part of a ReadProcessMemory or WriteProcessMemory request was completed. (0x12B)
[1110/122237.332:ERROR:process_reader_win.cc(242)] ReadMemory at 0x28008de9f70 of 132 bytes failed: Only part of a ReadProcessMemory or WriteProcessMemory request was completed. (0x12B)
[1110/122237.332:ERROR:process_reader_win.cc(242)] ReadMemory at 0x28008dea0a0 of 132 bytes failed: Only part of a ReadProcessMemory or WriteProcessMemory request was completed. (0x12B)
[1110/122237.332:ERROR:process_reader_win.cc(242)] ReadMemory at 0x28008dea1d0 of 132 bytes failed: Only part of a ReadProcessMemory or WriteProcessMemory request was completed. (0x12B)
[1110/122237.332:ERROR:process_reader_win.cc(242)] ReadMemory at 0x28008dea300 of 132 bytes failed: Only part of a ReadProcessMemory or WriteProcessMemory request was completed. (0x12B)
[1110/122237.332:ERROR:process_reader_win.cc(242)] ReadMemory at 0x28008dea430 of 132 bytes failed: Only part of a ReadProcessMemory or WriteProcessMemory request was completed. (0x12B)
[1110/122237.332:ERROR:process_reader_win.cc(242)] ReadMemory at 0x28008dea560 of 132 bytes failed: Only part of a ReadProcessMemory or WriteProcessMemory request was completed. (0x12B)
[1110/122237.332:ERROR:process_reader_win.cc(242)] ReadMemory at 0x28008ded0a0 of 132 bytes failed: Only part of a ReadProcessMemory or WriteProcessMemory request was completed. (0x12B)
[1110/122237.332:ERROR:process_reader_win.cc(242)] ReadMemory at 0x28008ded300 of 132 bytes failed: Only part of a ReadProcessMemory or WriteProcessMemory request was completed. (0x12B)
[1110/122237.332:ERROR:process_reader_win.cc(242)] ReadMemory at 0x28008ded430 of 132 bytes failed: Only part of a ReadProcessMemory or WriteProcessMemory request was completed. (0x12B)
[1110/122237.332:ERROR:process_reader_win.cc(242)] ReadMemory at 0x28008ded560 of 132 bytes failed: Only part of a ReadProcessMemory or WriteProcessMemory request was completed. (0x12B)
[1110/122237.332:ERROR:process_reader_win.cc(242)] ReadMemory at 0x28008ded690 of 132 bytes failed: Only part of a ReadProcessMemory or WriteProcessMemory request was completed. (0x12B)
[1110/122237.332:ERROR:process_reader_win.cc(242)] ReadMemory at 0x28008ded7c0 of 132 bytes failed: Only part of a ReadProcessMemory or WriteProcessMemory request was completed. (0x12B)
[1110/122237.332:ERROR:process_reader_win.cc(242)] ReadMemory at 0x28008ded8f0 of 132 bytes failed: Only part of a ReadProcessMemory or WriteProcessMemory request was completed. (0x12B)
[1110/122237.332:ERROR:process_reader_win.cc(242)] ReadMemory at 0x28008deda20 of 132 bytes failed: Only part of a ReadProcessMemory or WriteProcessMemory request was completed. (0x12B)
[1110/122237.332:ERROR:process_reader_win.cc(242)] ReadMemory at 0x28008dedb50 of 132 bytes failed: Only part of a ReadProcessMemory or WriteProcessMemory request was completed. (0x12B)
[1110/122237.332:ERROR:process_reader_win.cc(242)] ReadMemory at 0x28008dedc80 of 132 bytes failed: Only part of a ReadProcessMemory or WriteProcessMemory request was completed. (0x12B)
[1110/122237.332:ERROR:process_reader_win.cc(242)] ReadMemory at 0x28008deddb0 of 132 bytes failed: Only part of a ReadProcessMemory or WriteProcessMemory request was completed. (0x12B)
[1110/122237.332:ERROR:process_reader_win.cc(242)] ReadMemory at 0x28008dedee0 of 132 bytes failed: Only part of a ReadProcessMemory or WriteProcessMemory request was completed. (0x12B)
[1110/122237.332:ERROR:process_reader_win.cc(242)] ReadMemory at 0x28008dee010 of 132 bytes failed: Only part of a ReadProcessMemory or WriteProcessMemory request was completed. (0x12B)
[1110/122237.332:ERROR:process_reader_win.cc(242)] ReadMemory at 0x28008dee140 of 132 bytes failed: Only part of a ReadProcessMemory or WriteProcessMemory request was completed. (0x12B)
[1110/122237.332:ERROR:process_reader_win.cc(242)] ReadMemory at 0x28008dee270 of 132 bytes failed: Only part of a ReadProcessMemory or WriteProcessMemory request was completed. (0x12B)
[1110/122237.332:ERROR:process_reader_win.cc(242)] ReadMemory at 0x28008dee3a0 of 132 bytes failed: Only part of a ReadProcessMemory or WriteProcessMemory request was completed. (0x12B)
[1110/122237.332:ERROR:process_reader_win.cc(242)] ReadMemory at 0x28008dee4d0 of 132 bytes failed: Only part of a ReadProcessMemory or WriteProcessMemory request was completed. (0x12B)
[1110/122237.332:ERROR:process_reader_win.cc(242)] ReadMemory at 0x28008dee600 of 132 bytes failed: Only part of a ReadProcessMemory or WriteProcessMemory request was completed. (0x12B)
[1110/122237.332:ERROR:process_reader_win.cc(242)] ReadMemory at 0x28008dee730 of 132 bytes failed: Only part of a ReadProcessMemory or WriteProcessMemory request was completed. (0x12B)
[1110/122237.332:ERROR:process_reader_win.cc(242)] ReadMemory at 0x28008dee860 of 132 bytes failed: Only part of a ReadProcessMemory or WriteProcessMemory request was completed. (0x12B)
[1110/122237.332:ERROR:process_reader_win.cc(242)] ReadMemory at 0x28008dee990 of 132 bytes failed: Only part of a ReadProcessMemory or WriteProcessMemory request was completed. (0x12B)
[1110/122237.332:ERROR:process_reader_win.cc(242)] ReadMemory at 0x28008deeac0 of 132 bytes failed: Only part of a ReadProcessMemory or WriteProcessMemory request was completed. (0x12B)
[1110/122237.332:ERROR:process_reader_win.cc(242)] ReadMemory at 0x28008deebf0 of 132 bytes failed: Only part of a ReadProcessMemory or WriteProcessMemory request was completed. (0x12B)
[1110/122237.332:ERROR:process_reader_win.cc(242)] ReadMemory at 0x28008deed20 of 132 bytes failed: Only part of a ReadProcessMemory or WriteProcessMemory request was completed. (0x12B)
[1110/122237.332:ERROR:process_reader_win.cc(242)] ReadMemory at 0x28008deee50 of 132 bytes failed: Only part of a ReadProcessMemory or WriteProcessMemory request was completed. (0x12B)
[1110/122237.332:ERROR:process_reader_win.cc(242)] ReadMemory at 0x28008def220 of 152 bytes failed: Only part of a ReadProcessMemory or WriteProcessMemory request was completed. (0x12B)
[1110/122237.332:ERROR:process_reader_win.cc(242)] ReadMemory at 0x28008df1250 of 58 bytes failed: Only part of a ReadProcessMemory or WriteProcessMemory request was completed. (0x12B)
[1110/122237.332:ERROR:process_reader_win.cc(242)] ReadMemory at 0x28008df1390 of 66 bytes failed: Only part of a ReadProcessMemory or WriteProcessMemory request was completed. (0x12B)
[1110/122237.332:ERROR:process_reader_win.cc(242)] ReadMemory at 0x28008df1480 of 58 bytes failed: Only part of a ReadProcessMemory or WriteProcessMemory request was completed. (0x12B)
[1110/122237.332:ERROR:process_reader_win.cc(242)] ReadMemory at 0x28008df15c0 of 62 bytes failed: Only part of a ReadProcessMemory or WriteProcessMemory request was completed. (0x12B)
[1110/122237.332:ERROR:process_reader_win.cc(242)] ReadMemory at 0x28008df17f0 of 62 bytes failed: Only part of a ReadProcessMemory or WriteProcessMemory request was completed. (0x12B)
[1110/122237.332:ERROR:process_reader_win.cc(242)] ReadMemory at 0x28008df18e0 of 66 bytes failed: Only part of a ReadProcessMemory or WriteProcessMemory request was completed. (0x12B)
[1110/122237.332:ERROR:process_reader_win.cc(242)] ReadMemory at 0x28008df5850 of 54 bytes failed: Only part of a ReadProcessMemory or WriteProcessMemory request was completed. (0x12B)
[1110/122237.336:ERROR:process_reader_win.cc(242)] ReadMemory at 0x28008dfa4d0 of 512 bytes failed: Only part of a ReadProcessMemory or WriteProcessMemory request was completed. (0x12B)
[1110/122237.336:ERROR:process_reader_win.cc(242)] ReadMemory at 0x28008dfac40 of 512 bytes failed: Only part of a ReadProcessMemory or WriteProcessMemory request was completed. (0x12B)
[1110/122237.336:ERROR:process_reader_win.cc(242)] ReadMemory at 0x28008dfe560 of 156 bytes failed: Only part of a ReadProcessMemory or WriteProcessMemory request was completed. (0x12B)
[1110/122237.336:ERROR:process_reader_win.cc(242)] ReadMemory at 0x28008e01080 of 64 bytes failed: Only part of a ReadProcessMemory or WriteProcessMemory request was completed. (0x12B)
[1110/122237.336:ERROR:process_reader_win.cc(242)] ReadMemory at 0x28008e010d0 of 58 bytes failed: Only part of a ReadProcessMemory or WriteProcessMemory request was completed. (0x12B)
[1110/122237.336:ERROR:process_reader_win.cc(242)] ReadMemory at 0x28008e011c0 of 60 bytes failed: Only part of a ReadProcessMemory or WriteProcessMemory request was completed. (0x12B)
[1110/122237.336:ERROR:process_reader_win.cc(242)] ReadMemory at 0x28008e012b0 of 64 bytes failed: Only part of a ReadProcessMemory or WriteProcessMemory request was completed. (0x12B)
[1110/122237.336:ERROR:process_reader_win.cc(242)] ReadMemory at 0x28008e01300 of 56 bytes failed: Only part of a ReadProcessMemory or WriteProcessMemory request was completed. (0x12B)
[1110/122237.336:ERROR:process_reader_win.cc(242)] ReadMemory at 0x28008e013a0 of 64 bytes failed: Only part of a ReadProcessMemory or WriteProcessMemory request was completed. (0x12B)
[1110/122237.336:ERROR:process_reader_win.cc(242)] ReadMemory at 0x28008e014e0 of 60 bytes failed: Only part of a ReadProcessMemory or WriteProcessMemory request was completed. (0x12B)
[1110/122237.336:ERROR:process_reader_win.cc(242)] ReadMemory at 0x28008e01530 of 60 bytes failed: Only part of a ReadProcessMemory or WriteProcessMemory request was completed. (0x12B)
[1110/122237.336:ERROR:process_reader_win.cc(242)] ReadMemory at 0x28008e015d0 of 62 bytes failed: Only part of a ReadProcessMemory or WriteProcessMemory request was completed. (0x12B)
[1110/122237.336:ERROR:process_reader_win.cc(242)] ReadMemory at 0x28008e016c0 of 58 bytes failed: Only part of a ReadProcessMemory or WriteProcessMemory request was completed. (0x12B)
[1110/122237.336:ERROR:process_reader_win.cc(242)] ReadMemory at 0x28008e017b0 of 62 bytes failed: Only part of a ReadProcessMemory or WriteProcessMemory request was completed. (0x12B)
[1110/122237.336:ERROR:process_reader_win.cc(242)] ReadMemory at 0x28008e01850 of 62 bytes failed: Only part of a ReadProcessMemory or WriteProcessMemory request was completed. (0x12B)
[1110/122237.336:ERROR:process_reader_win.cc(242)] ReadMemory at 0x28008e018f0 of 60 bytes failed: Only part of a ReadProcessMemory or WriteProcessMemory request was completed. (0x12B)
[1110/122237.336:ERROR:process_reader_win.cc(242)] ReadMemory at 0x28008e01940 of 60 bytes failed: Only part of a ReadProcessMemory or WriteProcessMemory request was completed. (0x12B)
[1110/122237.336:ERROR:process_reader_win.cc(242)] ReadMemory at 0x28008e019e0 of 62 bytes failed: Only part of a ReadProcessMemory or WriteProcessMemory request was completed. (0x12B)
[1110/122237.336:ERROR:process_reader_win.cc(242)] ReadMemory at 0x28008e01a30 of 62 bytes failed: Only part of a ReadProcessMemory or WriteProcessMemory request was completed. (0x12B)
[1110/122237.336:ERROR:process_reader_win.cc(242)] ReadMemory at 0x28008e01a80 of 64 bytes failed: Only part of a ReadProcessMemory or WriteProcessMemory request was completed. (0x12B)
[1110/122237.336:ERROR:process_reader_win.cc(242)] ReadMemory at 0x28008e01b20 of 64 bytes failed: Only part of a ReadProcessMemory or WriteProcessMemory request was completed. (0x12B)
[1110/122237.336:ERROR:process_reader_win.cc(242)] ReadMemory at 0x28008e01b70 of 64 bytes failed: Only part of a ReadProcessMemory or WriteProcessMemory request was completed. (0x12B)
[1110/122237.336:ERROR:process_reader_win.cc(242)] ReadMemory at 0x28008e01c60 of 58 bytes failed: Only part of a ReadProcessMemory or WriteProcessMemory request was completed. (0x12B)
[1110/122237.336:ERROR:process_reader_win.cc(242)] ReadMemory at 0x28008e01cb0 of 62 bytes failed: Only part of a ReadProcessMemory or WriteProcessMemory request was completed. (0x12B)
[1110/122237.336:ERROR:process_reader_win.cc(242)] ReadMemory at 0x28008e01d00 of 64 bytes failed: Only part of a ReadProcessMemory or WriteProcessMemory request was completed. (0x12B)
[1110/122237.336:ERROR:process_reader_win.cc(242)] ReadMemory at 0x28008e02710 of 132 bytes failed: Only part of a ReadProcessMemory or WriteProcessMemory request was completed. (0x12B)
[1110/122237.336:ERROR:process_reader_win.cc(242)] ReadMemory at 0x28008e02970 of 132 bytes failed: Only part of a ReadProcessMemory or WriteProcessMemory request was completed. (0x12B)
[1110/122237.336:ERROR:process_reader_win.cc(242)] ReadMemory at 0x28008e02f60 of 132 bytes failed: Only part of a ReadProcessMemory or WriteProcessMemory request was completed. (0x12B)
[1110/122237.336:ERROR:process_reader_win.cc(242)] ReadMemory at 0x28008e03420 of 132 bytes failed: Only part of a ReadProcessMemory or WriteProcessMemory request was completed. (0x12B)
[1110/122237.336:ERROR:process_reader_win.cc(242)] ReadMemory at 0x28008e037b0 of 132 bytes failed: Only part of a ReadProcessMemory or WriteProcessMemory request was completed. (0x12B)
[1110/122237.336:ERROR:process_reader_win.cc(242)] ReadMemory at 0x28008e03da0 of 132 bytes failed: Only part of a ReadProcessMemory or WriteProcessMemory request was completed. (0x12B)
[1110/122237.336:ERROR:process_reader_win.cc(242)] ReadMemory at 0x28008e17560 of 512 bytes failed: Only part of a ReadProcessMemory or WriteProcessMemory request was completed. (0x12B)
[1110/122237.336:ERROR:process_reader_win.cc(242)] ReadMemory at 0x2800981826a of 512 bytes failed: Only part of a ReadProcessMemory or WriteProcessMemory request was completed. (0x12B)
[1110/122237.336:ERROR:process_reader_win.cc(242)] ReadMemory at 0x2800a547dbb of 512 bytes failed: Only part of a ReadProcessMemory or WriteProcessMemory request was completed. (0x12B)
[1110/122237.336:ERROR:process_reader_win.cc(242)] ReadMemory at 0x2800a56c5b7 of 512 bytes failed: Only part of a ReadProcessMemory or WriteProcessMemory request was completed. (0x12B)
[1110/122237.336:ERROR:process_reader_win.cc(242)] ReadMemory at 0x2800dcb8860 of 512 bytes failed: Only part of a ReadProcessMemory or WriteProcessMemory request was completed. (0x12B)
[1110/122237.336:ERROR:process_reader_win.cc(242)] ReadMemory at 0x2800e2b3bc0 of 688 bytes failed: Only part of a ReadProcessMemory or WriteProcessMemory request was completed. (0x12B)
[1110/122237.336:ERROR:process_reader_win.cc(242)] ReadMemory at 0x2800e2bf488 of 512 bytes failed: Only part of a ReadProcessMemory or WriteProcessMemory request was completed. (0x12B)
[1110/122237.336:ERROR:process_reader_win.cc(242)] ReadMemory at 0x2800e2c0148 of 512 bytes failed: Only part of a ReadProcessMemory or WriteProcessMemory request was completed. (0x12B)
[1110/122237.336:ERROR:process_reader_win.cc(242)] ReadMemory at 0x2800e2c2ee0 of 672 bytes failed: Only part of a ReadProcessMemory or WriteProcessMemory request was completed. (0x12B)
[1110/122237.336:ERROR:process_reader_win.cc(242)] ReadMemory at 0x2800e30ff70 of 512 bytes failed: Only part of a ReadProcessMemory or WriteProcessMemory request was completed. (0x12B)
[1110/122237.336:ERROR:process_reader_win.cc(242)] ReadMemory at 0x2800e336600 of 512 bytes failed: Only part of a ReadProcessMemory or WriteProcessMemory request was completed. (0x12B)
[1110/122237.336:ERROR:process_reader_win.cc(242)] ReadMemory at 0x2800e347c70 of 512 bytes failed: Only part of a ReadProcessMemory or WriteProcessMemory request was completed. (0x12B)
[1110/122237.336:ERROR:process_reader_win.cc(242)] ReadMemory at 0x280101a1b38 of 512 bytes failed: Only part of a ReadProcessMemory or WriteProcessMemory request was completed. (0x12B)
[1110/122237.336:ERROR:process_reader_win.cc(242)] ReadMemory at 0x280101e60d8 of 512 bytes failed: Only part of a ReadProcessMemory or WriteProcessMemory request was completed. (0x12B)
[1110/122237.336:ERROR:process_reader_win.cc(242)] ReadMemory at 0x280102af940 of 512 bytes failed: Only part of a ReadProcessMemory or WriteProcessMemory request was completed. (0x12B)
[1110/122237.336:ERROR:process_reader_win.cc(242)] ReadMemory at 0x280102db020 of 512 bytes failed: Only part of a ReadProcessMemory or WriteProcessMemory request was completed. (0x12B)
[1110/122237.336:ERROR:process_reader_win.cc(242)] ReadMemory at 0x280102dc880 of 512 bytes failed: Only part of a ReadProcessMemory or WriteProcessMemory request was completed. (0x12B)
[1110/122237.336:ERROR:process_reader_win.cc(242)] ReadMemory at 0x28010899d70 of 512 bytes failed: Only part of a ReadProcessMemory or WriteProcessMemory request was completed. (0x12B)
[1110/122237.336:ERROR:process_reader_win.cc(242)] ReadMemory at 0x28010998fb0 of 512 bytes failed: Only part of a ReadProcessMemory or WriteProcessMemory request was completed. (0x12B)
[1110/122237.336:ERROR:process_reader_win.cc(242)] ReadMemory at 0x28010a31790 of 512 bytes failed: Only part of a ReadProcessMemory or WriteProcessMemory request was completed. (0x12B)
[1110/122237.336:ERROR:process_reader_win.cc(242)] ReadMemory at 0x28010e88a50 of 512 bytes failed: Only part of a ReadProcessMemory or WriteProcessMemory request was completed. (0x12B)
[1110/122237.336:ERROR:process_reader_win.cc(242)] ReadMemory at 0x28013c0ff90 of 512 bytes failed: Only part of a ReadProcessMemory or WriteProcessMemory request was completed. (0x12B)
[1110/122237.336:ERROR:process_reader_win.cc(242)] ReadMemory at 0x28013ca3fa0 of 512 bytes failed: Only part of a ReadProcessMemory or WriteProcessMemory request was completed. (0x12B)
[1110/122237.340:ERROR:process_reader_win.cc(242)] ReadMemory at 0x28013e11f90 of 512 bytes failed: Only part of a ReadProcessMemory or WriteProcessMemory request was completed. (0x12B)
[1110/122237.340:ERROR:process_reader_win.cc(242)] ReadMemory at 0x280140da000 of 400 bytes failed: Only part of a ReadProcessMemory or WriteProcessMemory request was completed. (0x12B)
[1110/122237.340:ERROR:process_reader_win.cc(242)] ReadMemory at 0x26e49f580000 of 384 bytes failed: Only part of a ReadProcessMemory or WriteProcessMemory request was completed. (0x12B)
[1110/122237.340:ERROR:process_reader_win.cc(242)] ReadMemory at 0x26e49f580428 of 512 bytes failed: Only part of a ReadProcessMemory or WriteProcessMemory request was completed. (0x12B)
[1110/122237.340:ERROR:process_reader_win.cc(242)] ReadMemory at 0x26e49f58e209 of 512 bytes failed: Only part of a ReadProcessMemory or WriteProcessMemory request was completed. (0x12B)
[1110/122237.340:ERROR:process_reader_win.cc(242)] ReadMemory at 0x44850c670bc0 of 513 bytes failed: Only part of a ReadProcessMemory or WriteProcessMemory request was completed. (0x12B)
[1110/122237.340:ERROR:process_reader_win.cc(242)] ReadMemory at 0x44850c671a81 of 736 bytes failed: Only part of a ReadProcessMemory or WriteProcessMemory request was completed. (0x12B)
[1110/122237.340:ERROR:process_reader_win.cc(242)] ReadMemory at 0x44850c672778 of 513 bytes failed: Only part of a ReadProcessMemory or WriteProcessMemory request was completed. (0x12B)
[1110/122237.340:ERROR:process_reader_win.cc(242)] ReadMemory at 0x44850c674418 of 513 bytes failed: Only part of a ReadProcessMemory or WriteProcessMemory request was completed. (0x12B)
[1110/122237.340:ERROR:process_reader_win.cc(242)] ReadMemory at 0x7fffb970e9d8 of 512 bytes failed: Only part of a ReadProcessMemory or WriteProcessMemory request was completed. (0x12B)
[1110/122237.340:ERROR:process_reader_win.cc(242)] ReadMemory at 0x7fffb970fa9b of 512 bytes failed: Only part of a ReadProcessMemory or WriteProcessMemory request was completed. (0x12B)
[1110/122237.340:ERROR:process_reader_win.cc(242)] ReadMemory at 0x7fffe43ff260 of 512 bytes failed: Only part of a ReadProcessMemory or WriteProcessMemory request was completed. (0x12B)
[1110/122237.340:ERROR:process_reader_win.cc(242)] ReadMemory at 0x7fffe44009e0 of 512 bytes failed: Only part of a ReadProcessMemory or WriteProcessMemory request was completed. (0x12B)
[1110/122237.340:ERROR:process_reader_win.cc(242)] ReadMemory at 0x7fffe44012d0 of 512 bytes failed: Only part of a ReadProcessMemory or WriteProcessMemory request was completed. (0x12B)
[1110/122237.340:ERROR:process_reader_win.cc(242)] ReadMemory at 0x7fffe44030c0 of 512 bytes failed: Only part of a ReadProcessMemory or WriteProcessMemory request was completed. (0x12B)
[1110/122237.340:ERROR:process_reader_win.cc(242)] ReadMemory at 0x7fffe4479ef4 of 672 bytes failed: Only part of a ReadProcessMemory or WriteProcessMemory request was completed. (0x12B)
[1110/122237.340:ERROR:process_reader_win.cc(242)] ReadMemory at 0x7fffe447d764 of 608 bytes failed: Only part of a ReadProcessMemory or WriteProcessMemory request was completed. (0x12B)
[1110/122237.340:ERROR:process_reader_win.cc(242)] ReadMemory at 0x7fffe4503810 of 18 bytes failed: Only part of a ReadProcessMemory or WriteProcessMemory request was completed. (0x12B)
[1110/122237.340:ERROR:process_reader_win.cc(242)] ReadMemory at 0x7fffe45364e0 of 40 bytes failed: Only part of a ReadProcessMemory or WriteProcessMemory request was completed. (0x12B)
[1110/122237.340:ERROR:process_reader_win.cc(242)] ReadMemory at 0x7fffe4536938 of 48 bytes failed: Only part of a ReadProcessMemory or WriteProcessMemory request was completed. (0x12B)
[1110/122237.340:ERROR:process_reader_win.cc(242)] ReadMemory at 0x7fffe453c360 of 64 bytes failed: Only part of a ReadProcessMemory or WriteProcessMemory request was completed. (0x12B)
[1110/122237.356:ERROR:scoped_process_suspend.cc(40)] NtResumeProcess: An attempt was made to access an exiting process. (0xc000010a)
